nov 14, 2025 1:56:58 P. M. ies.sequeros.com.dam.pmdm.administrador.infraestructura.dependientes.DependienteDao getAll
INFORMACIÓN: Ejecutando SQL: select * from DEPENDIENTE | Parametros: 
nov 14, 2025 1:57:03 P. M. ies.sequeros.com.dam.pmdm.administrador.infraestructura.dependientes.DependienteDao getById
INFORMACIÓN: Ejecutando SQL: select * from DEPENDIENTE where id=? | Parametros: [id=c27f8f72-2ff9-45dc-a114-d7f942ee15a4]
nov 14, 2025 1:57:03 P. M. ies.sequeros.com.dam.pmdm.administrador.infraestructura.dependientes.DependienteDao update
INFORMACIÓN: Ejecutando SQL: UPDATE DEPENDIENTE SET name = ?, email = ?, password = ?, image_path = ?, enabled = ?, is_admin = ? WHERE id = ? | Params: [1]=897897lkopokpkopk, [2]=fdsfds@dfdsf, [3]=123456789P, [4]=c27f8f72-2ff9-45dc-a114-d7f942ee15a4.jpg, [5]=false, [6]=true, [7]=c27f8f72-2ff9-45dc-a114-d7f942ee15a4]
nov 14, 2025 1:57:06 P. M. ies.sequeros.com.dam.pmdm.administrador.infraestructura.dependientes.DependienteDao getById
INFORMACIÓN: Ejecutando SQL: select * from DEPENDIENTE where id=? | Parametros: [id=c27f8f72-2ff9-45dc-a114-d7f942ee15a4]
nov 14, 2025 1:57:06 P. M. ies.sequeros.com.dam.pmdm.administrador.infraestructura.dependientes.DependienteDao update
INFORMACIÓN: Ejecutando SQL: UPDATE DEPENDIENTE SET name = ?, email = ?, password = ?, image_path = ?, enabled = ?, is_admin = ? WHERE id = ? | Params: [1]=897897lkopokpkopk, [2]=fdsfds@dfdsf, [3]=123456789P, [4]=c27f8f72-2ff9-45dc-a114-d7f942ee15a4.jpg, [5]=true, [6]=true, [7]=c27f8f72-2ff9-45dc-a114-d7f942ee15a4]
nov 14, 2025 4:13:03 P. M. ies.sequeros.com.dam.pmdm.administrador.infraestructura.dependientes.DependienteDao getAll
INFORMACIÓN: Ejecutando SQL: select * from DEPENDIENTE | Parametros: 
nov 14, 2025 4:13:30 P. M. ies.sequeros.com.dam.pmdm.administrador.infraestructura.dependientes.DependienteDao getAll
INFORMACIÓN: Ejecutando SQL: select * from DEPENDIENTE | Parametros: 
nov 14, 2025 4:28:02 P. M. ies.sequeros.com.dam.pmdm.administrador.infraestructura.dependientes.DependienteDao getAll
INFORMACIÓN: Ejecutando SQL: select * from DEPENDIENTE | Parametros: 
nov 14, 2025 4:29:05 P. M. ies.sequeros.com.dam.pmdm.administrador.infraestructura.dependientes.DependienteDao getById
INFORMACIÓN: Ejecutando SQL: select * from DEPENDIENTE where id=? | Parametros: [id=c27f8f72-2ff9-45dc-a114-d7f942ee15a4]
nov 14, 2025 4:29:05 P. M. ies.sequeros.com.dam.pmdm.administrador.infraestructura.dependientes.DependienteDao update
INFORMACIÓN: Ejecutando SQL: UPDATE DEPENDIENTE SET name = ?, email = ?, password = ?, image_path = ?, enabled = ?, is_admin = ? WHERE id = ? | Params: [1]=897897lkopokpkopk, [2]=fdsfds@dfdsf, [3]=123456789P, [4]=c27f8f72-2ff9-45dc-a114-d7f942ee15a4.jpg, [5]=false, [6]=true, [7]=c27f8f72-2ff9-45dc-a114-d7f942ee15a4]
nov 14, 2025 4:29:08 P. M. ies.sequeros.com.dam.pmdm.administrador.infraestructura.dependientes.DependienteDao getById
INFORMACIÓN: Ejecutando SQL: select * from DEPENDIENTE where id=? | Parametros: [id=c27f8f72-2ff9-45dc-a114-d7f942ee15a4]
nov 14, 2025 4:29:08 P. M. ies.sequeros.com.dam.pmdm.administrador.infraestructura.dependientes.DependienteDao update
INFORMACIÓN: Ejecutando SQL: UPDATE DEPENDIENTE SET name = ?, email = ?, password = ?, image_path = ?, enabled = ?, is_admin = ? WHERE id = ? | Params: [1]=897897lkopokpkopk, [2]=fdsfds@dfdsf, [3]=123456789P, [4]=c27f8f72-2ff9-45dc-a114-d7f942ee15a4.jpg, [5]=false, [6]=false, [7]=c27f8f72-2ff9-45dc-a114-d7f942ee15a4]
nov 14, 2025 4:29:10 P. M. ies.sequeros.com.dam.pmdm.administrador.infraestructura.dependientes.DependienteDao getById
INFORMACIÓN: Ejecutando SQL: select * from DEPENDIENTE where id=? | Parametros: [id=c27f8f72-2ff9-45dc-a114-d7f942ee15a4]
nov 14, 2025 4:29:10 P. M. ies.sequeros.com.dam.pmdm.administrador.infraestructura.dependientes.DependienteDao update
INFORMACIÓN: Ejecutando SQL: UPDATE DEPENDIENTE SET name = ?, email = ?, password = ?, image_path = ?, enabled = ?, is_admin = ? WHERE id = ? | Params: [1]=897897lkopokpkopk, [2]=fdsfds@dfdsf, [3]=123456789P, [4]=c27f8f72-2ff9-45dc-a114-d7f942ee15a4.jpg, [5]=true, [6]=false, [7]=c27f8f72-2ff9-45dc-a114-d7f942ee15a4]
nov 14, 2025 4:29:11 P. M. ies.sequeros.com.dam.pmdm.administrador.infraestructura.dependientes.DependienteDao getById
INFORMACIÓN: Ejecutando SQL: select * from DEPENDIENTE where id=? | Parametros: [id=c27f8f72-2ff9-45dc-a114-d7f942ee15a4]
nov 14, 2025 4:29:11 P. M. ies.sequeros.com.dam.pmdm.administrador.infraestructura.dependientes.DependienteDao update
INFORMACIÓN: Ejecutando SQL: UPDATE DEPENDIENTE SET name = ?, email = ?, password = ?, image_path = ?, enabled = ?, is_admin = ? WHERE id = ? | Params: [1]=897897lkopokpkopk, [2]=fdsfds@dfdsf, [3]=123456789P, [4]=c27f8f72-2ff9-45dc-a114-d7f942ee15a4.jpg, [5]=true, [6]=true, [7]=c27f8f72-2ff9-45dc-a114-d7f942ee15a4]
nov 14, 2025 4:29:12 P. M. ies.sequeros.com.dam.pmdm.administrador.infraestructura.dependientes.DependienteDao getById
INFORMACIÓN: Ejecutando SQL: select * from DEPENDIENTE where id=? | Parametros: [id=c27f8f72-2ff9-45dc-a114-d7f942ee15a4]
nov 14, 2025 4:29:12 P. M. ies.sequeros.com.dam.pmdm.administrador.infraestructura.dependientes.DependienteDao update
INFORMACIÓN: Ejecutando SQL: UPDATE DEPENDIENTE SET name = ?, email = ?, password = ?, image_path = ?, enabled = ?, is_admin = ? WHERE id = ? | Params: [1]=897897lkopokpkopk, [2]=fdsfds@dfdsf, [3]=123456789P, [4]=c27f8f72-2ff9-45dc-a114-d7f942ee15a4.jpg, [5]=true, [6]=false, [7]=c27f8f72-2ff9-45dc-a114-d7f942ee15a4]
nov 14, 2025 4:29:13 P. M. ies.sequeros.com.dam.pmdm.administrador.infraestructura.dependientes.DependienteDao getById
INFORMACIÓN: Ejecutando SQL: select * from DEPENDIENTE where id=? | Parametros: [id=c27f8f72-2ff9-45dc-a114-d7f942ee15a4]
nov 14, 2025 4:29:13 P. M. ies.sequeros.com.dam.pmdm.administrador.infraestructura.dependientes.DependienteDao update
INFORMACIÓN: Ejecutando SQL: UPDATE DEPENDIENTE SET name = ?, email = ?, password = ?, image_path = ?, enabled = ?, is_admin = ? WHERE id = ? | Params: [1]=897897lkopokpkopk, [2]=fdsfds@dfdsf, [3]=123456789P, [4]=c27f8f72-2ff9-45dc-a114-d7f942ee15a4.jpg, [5]=false, [6]=false, [7]=c27f8f72-2ff9-45dc-a114-d7f942ee15a4]
nov 14, 2025 4:29:56 P. M. ies.sequeros.com.dam.pmdm.administrador.infraestructura.dependientes.DependienteDao getAll
INFORMACIÓN: Ejecutando SQL: select * from DEPENDIENTE | Parametros: 
nov 14, 2025 4:30:26 P. M. ies.sequeros.com.dam.pmdm.administrador.infraestructura.dependientes.DependienteDao getAll
INFORMACIÓN: Ejecutando SQL: select * from DEPENDIENTE | Parametros: 
nov 14, 2025 4:30:57 P. M. ies.sequeros.com.dam.pmdm.administrador.infraestructura.dependientes.DependienteDao getById
INFORMACIÓN: Ejecutando SQL: select * from DEPENDIENTE where id=? | Parametros: [id=c27f8f72-2ff9-45dc-a114-d7f942ee15a4]
nov 14, 2025 4:30:57 P. M. ies.sequeros.com.dam.pmdm.administrador.infraestructura.dependientes.DependienteDao update
INFORMACIÓN: Ejecutando SQL: UPDATE DEPENDIENTE SET name = ?, email = ?, password = ?, image_path = ?, enabled = ?, is_admin = ? WHERE id = ? | Params: [1]=897897lkopokpkopk, [2]=fdsfds@dfdsf, [3]=123456789P, [4]=c27f8f72-2ff9-45dc-a114-d7f942ee15a4.jpg, [5]=true, [6]=true, [7]=c27f8f72-2ff9-45dc-a114-d7f942ee15a4]
nov 21, 2025 5:48:52 P. M. ies.sequeros.com.dam.pmdm.administrador.infraestructura.dependientes.DependienteDao getAll
INFORMACIÓN: Ejecutando SQL: select * from dependiente | Parametros: 
nov 21, 2025 5:49:22 P. M. ies.sequeros.com.dam.pmdm.administrador.infraestructura.dependientes.DependienteDao insert
INFORMACIÓN: Ejecutando SQL: INSERT INTO dependiente (id, name, email, password, image_path, enabled, is_admin) VALUES (?, ?, ?, ?, ?, ?, ?) | Params: [1]=8df8e738-61ca-4556-b62b-2c550e997f4c, [2]=efsf, [3]=dsad@ds, [4]=12345678Aa, [5]=8df8e738-61ca-4556-b62b-2c550e997f4c.jpeg, [6]=false, [7]=false]
nov 21, 2025 5:50:51 P. M. ies.sequeros.com.dam.pmdm.administrador.infraestructura.dependientes.DependienteDao getAll
INFORMACIÓN: Ejecutando SQL: select * from dependiente | Parametros: 
nov 21, 2025 5:52:18 P. M. ies.sequeros.com.dam.pmdm.administrador.infraestructura.dependientes.DependienteDao getAll
INFORMACIÓN: Ejecutando SQL: select * from dependiente | Parametros: 
nov 21, 2025 5:52:23 P. M. ies.sequeros.com.dam.pmdm.administrador.infraestructura.dependientes.DependienteDao getById
INFORMACIÓN: Ejecutando SQL: select * from dependiente where id=? | Parametros: [id=8df8e738-61ca-4556-b62b-2c550e997f4c]
nov 21, 2025 5:52:23 P. M. ies.sequeros.com.dam.pmdm.administrador.infraestructura.dependientes.DependienteDao getById
INFORMACIÓN: Ejecutando SQL: select * from dependiente where id=? | Parametros: [id=8df8e738-61ca-4556-b62b-2c550e997f4c]
nov 21, 2025 5:52:23 P. M. ies.sequeros.com.dam.pmdm.administrador.infraestructura.dependientes.DependienteDao delete
GRAVE: null
java.sql.SQLException: Parameter index out of range (1 > number of parameters, which is 0).
	at com.mysql.cj.jdbc.exceptions.SQLError.createSQLException(SQLError.java:130)
	at com.mysql.cj.jdbc.exceptions.SQLError.createSQLException(SQLError.java:98)
	at com.mysql.cj.jdbc.exceptions.SQLError.createSQLException(SQLError.java:90)
	at com.mysql.cj.jdbc.exceptions.SQLError.createSQLException(SQLError.java:64)
	at com.mysql.cj.jdbc.ClientPreparedStatement.checkBounds(ClientPreparedStatement.java:1345)
	at com.mysql.cj.jdbc.ClientPreparedStatement.getCoreParameterIndex(ClientPreparedStatement.java:1358)
	at com.mysql.cj.jdbc.ClientPreparedStatement.setString(ClientPreparedStatement.java:1714)
	at ies.sequeros.com.dam.pmdm.administrador.infraestructura.dependientes.DependienteDao.delete(DependienteDao.java:151)
	at ies.sequeros.com.dam.pmdm.administrador.infraestructura.dependientes.BBDDRepositorioDependientesJava.remove(BBDDRepositorioDependientesJava.java:26)
	at ies.sequeros.com.dam.pmdm.administrador.infraestructura.dependientes.BBDDRepositorioDependientesJava.remove(BBDDRepositorioDependientesJava.java:32)
	at ies.sequeros.com.dam.pmdm.administrador.infraestructura.BBDDDependienteRepository.remove(BBDDDependienteRepository.kt:21)
	at ies.sequeros.com.dam.pmdm.administrador.aplicacion.dependientes.BorrarDependienteUseCase.invoke(BorrarDependienteUseCase.kt:19)
	at ies.sequeros.com.dam.pmdm.administrador.ui.dependientes.DependientesViewModel$delete$1.invokeSuspend(DependientesViewModel.kt:110)
	at kotlin.coroutines.jvm.internal.BaseContinuationImpl.resumeWith(ContinuationImpl.kt:34)
	at kotlinx.coroutines.internal.DispatchedContinuationKt.resumeCancellableWith(DispatchedContinuation.kt:375)
	at kotlinx.coroutines.intrinsics.CancellableKt.startCoroutineCancellable(Cancellable.kt:26)
	at kotlinx.coroutines.CoroutineStart.invoke(CoroutineStart.kt:358)
	at kotlinx.coroutines.AbstractCoroutine.start(AbstractCoroutine.kt:134)
	at kotlinx.coroutines.BuildersKt__Builders_commonKt.launch(Builders.common.kt:53)
	at kotlinx.coroutines.BuildersKt.launch(Unknown Source)
	at kotlinx.coroutines.BuildersKt__Builders_commonKt.launch$default(Builders.common.kt:44)
	at kotlinx.coroutines.BuildersKt.launch$default(Unknown Source)
	at ies.sequeros.com.dam.pmdm.administrador.ui.dependientes.DependientesViewModel.delete(DependientesViewModel.kt:109)
	at ies.sequeros.com.dam.pmdm.administrador.ui.dependientes.DependientesKt$Dependientes$1$2$1$1.invoke$lambda$4$0(Dependientes.kt:118)
	at ies.sequeros.com.dam.pmdm.administrador.ui.dependientes.DependienteCardKt$DependienteCard$1.invoke$lambda$0$3$3$0(DependienteCard.kt:213)
	at androidx.compose.foundation.ClickableNode.onPointerEvent-H0pRuoY(Clickable.kt:1014)
	at androidx.compose.ui.input.pointer.Node.dispatchMainEventPass(HitPathTracker.kt:444)
	at androidx.compose.ui.input.pointer.Node.dispatchMainEventPass(HitPathTracker.kt:430)
	at androidx.compose.ui.input.pointer.Node.dispatchMainEventPass(HitPathTracker.kt:430)
	at androidx.compose.ui.input.pointer.NodeParent.dispatchMainEventPass(HitPathTracker.kt:276)
	at androidx.compose.ui.input.pointer.HitPathTracker.dispatchChanges(HitPathTracker.kt:172)
	at androidx.compose.ui.input.pointer.PointerInputEventProcessor.process-BIzXfog(PointerInputEventProcessor.kt:118)
	at androidx.compose.ui.node.RootNodeOwner.onPointerInput-l-3BpVI(RootNodeOwner.skiko.kt:315)
	at androidx.compose.ui.scene.CanvasLayersComposeSceneImpl.processRelease-l-3BpVI(CanvasLayersComposeScene.skiko.kt:335)
	at androidx.compose.ui.scene.CanvasLayersComposeSceneImpl.processPointerInputEvent-l-3BpVI(CanvasLayersComposeScene.skiko.kt:236)
	at androidx.compose.ui.scene.BaseComposeScene$inputHandler$2.invoke-l-3BpVI(BaseComposeScene.skiko.kt:65)
	at androidx.compose.ui.scene.BaseComposeScene$inputHandler$2.invoke(BaseComposeScene.skiko.kt:65)
	at androidx.compose.ui.input.pointer.SyntheticEventSender.sendInternal-l-3BpVI(SyntheticEventSender.skiko.kt:197)
	at androidx.compose.ui.input.pointer.SyntheticEventSender.send-l-3BpVI(SyntheticEventSender.skiko.kt:82)
	at androidx.compose.ui.scene.ComposeSceneInputHandler.onPointerEvent--c_cFIg(ComposeSceneInputHandler.skiko.kt:130)
	at androidx.compose.ui.scene.ComposeSceneInputHandler.onPointerEvent-lDgZiSw(ComposeSceneInputHandler.skiko.kt:91)
	at androidx.compose.ui.scene.BaseComposeScene.sendPointerEvent-lDgZiSw(BaseComposeScene.skiko.kt:216)
	at androidx.compose.ui.scene.ComposeScene.sendPointerEvent-lDgZiSw$default(ComposeScene.skiko.kt:202)
	at androidx.compose.ui.scene.ComposeSceneMediator_desktopKt.onMouseEvent-d-4ec7I(ComposeSceneMediator.desktop.kt:846)
	at androidx.compose.ui.scene.ComposeSceneMediator_desktopKt.access$onMouseEvent-d-4ec7I(ComposeSceneMediator.desktop.kt:1)
	at androidx.compose.ui.scene.ComposeSceneMediator.onMouseEvent(ComposeSceneMediator.desktop.kt:454)
	at androidx.compose.ui.scene.ComposeSceneMediator.access$onMouseEvent(ComposeSceneMediator.desktop.kt:110)
	at androidx.compose.ui.scene.ComposeSceneMediator$mouseListener$1.mouseReleased(ComposeSceneMediator.desktop.kt:269)
	at java.desktop/java.awt.Component.processMouseEvent(Unknown Source)
	at java.desktop/java.awt.Component.processEvent(Unknown Source)
	at java.desktop/java.awt.Component.dispatchEventImpl(Unknown Source)
	at java.desktop/java.awt.Component.dispatchEvent(Unknown Source)
	at java.desktop/java.awt.EventQueue.dispatchEventImpl(Unknown Source)
	at java.desktop/java.awt.EventQueue$4.run(Unknown Source)
	at java.desktop/java.awt.EventQueue$4.run(Unknown Source)
	at java.base/java.security.AccessController.doPrivileged(Unknown Source)
	at java.base/java.security.ProtectionDomain$JavaSecurityAccessImpl.doIntersectionPrivilege(Unknown Source)
	at java.base/java.security.ProtectionDomain$JavaSecurityAccessImpl.doIntersectionPrivilege(Unknown Source)
	at java.desktop/java.awt.EventQueue$5.run(Unknown Source)
	at java.desktop/java.awt.EventQueue$5.run(Unknown Source)
	at java.base/java.security.AccessController.doPrivileged(Unknown Source)
	at java.base/java.security.ProtectionDomain$JavaSecurityAccessImpl.doIntersectionPrivilege(Unknown Source)
	at java.desktop/java.awt.EventQueue.dispatchEvent(Unknown Source)
	at java.desktop/java.awt.EventDispatchThread.pumpOneEventForFilters(Unknown Source)
	at java.desktop/java.awt.EventDispatchThread.pumpEventsForFilter(Unknown Source)
	at java.desktop/java.awt.EventDispatchThread.pumpEventsForHierarchy(Unknown Source)
	at java.desktop/java.awt.EventDispatchThread.pumpEvents(Unknown Source)
	at java.desktop/java.awt.EventDispatchThread.pumpEvents(Unknown Source)
	at java.desktop/java.awt.EventDispatchThread.run(Unknown Source)

nov 21, 2025 5:53:57 P. M. ies.sequeros.com.dam.pmdm.administrador.infraestructura.dependientes.DependienteDao getAll
INFORMACIÓN: Ejecutando SQL: select * from dependiente | Parametros: 
nov 21, 2025 5:54:11 P. M. ies.sequeros.com.dam.pmdm.administrador.infraestructura.dependientes.DependienteDao getById
INFORMACIÓN: Ejecutando SQL: select * from dependiente where id=? | Parametros: [id=8df8e738-61ca-4556-b62b-2c550e997f4c]
nov 21, 2025 5:55:19 P. M. ies.sequeros.com.dam.pmdm.administrador.infraestructura.dependientes.DependienteDao getById
INFORMACIÓN: Ejecutando SQL: select * from dependiente where id=? | Parametros: [id=8df8e738-61ca-4556-b62b-2c550e997f4c]
nov 21, 2025 5:56:25 P. M. ies.sequeros.com.dam.pmdm.administrador.infraestructura.dependientes.DependienteDao delete
GRAVE: null
java.sql.SQLException: Parameter index out of range (1 > number of parameters, which is 0).
	at com.mysql.cj.jdbc.exceptions.SQLError.createSQLException(SQLError.java:130)
	at com.mysql.cj.jdbc.exceptions.SQLError.createSQLException(SQLError.java:98)
	at com.mysql.cj.jdbc.exceptions.SQLError.createSQLException(SQLError.java:90)
	at com.mysql.cj.jdbc.exceptions.SQLError.createSQLException(SQLError.java:64)
	at com.mysql.cj.jdbc.ClientPreparedStatement.checkBounds(ClientPreparedStatement.java:1345)
	at com.mysql.cj.jdbc.ClientPreparedStatement.getCoreParameterIndex(ClientPreparedStatement.java:1358)
	at com.mysql.cj.jdbc.ClientPreparedStatement.setString(ClientPreparedStatement.java:1714)
	at ies.sequeros.com.dam.pmdm.administrador.infraestructura.dependientes.DependienteDao.delete(DependienteDao.java:151)
	at ies.sequeros.com.dam.pmdm.administrador.infraestructura.dependientes.BBDDRepositorioDependientesJava.remove(BBDDRepositorioDependientesJava.java:26)
	at ies.sequeros.com.dam.pmdm.administrador.infraestructura.dependientes.BBDDRepositorioDependientesJava.remove(BBDDRepositorioDependientesJava.java:32)
	at ies.sequeros.com.dam.pmdm.administrador.infraestructura.BBDDDependienteRepository.remove(BBDDDependienteRepository.kt:21)
	at ies.sequeros.com.dam.pmdm.administrador.aplicacion.dependientes.BorrarDependienteUseCase.invoke(BorrarDependienteUseCase.kt:19)
	at ies.sequeros.com.dam.pmdm.administrador.ui.dependientes.DependientesViewModel$delete$1.invokeSuspend(DependientesViewModel.kt:110)
	at kotlin.coroutines.jvm.internal.BaseContinuationImpl.resumeWith$$$capture(ContinuationImpl.kt:34)
	at kotlin.coroutines.jvm.internal.BaseContinuationImpl.resumeWith(ContinuationImpl.kt)
	at --- Async.Stack.Trace --- (captured by IntelliJ IDEA debugger)
	at kotlinx.coroutines.debug.internal.DebugProbesImpl$CoroutineOwner.<init>(DebugProbesImpl.kt:531)
	at kotlinx.coroutines.debug.internal.DebugProbesImpl.createOwner(DebugProbesImpl.kt:510)
	at kotlinx.coroutines.debug.internal.DebugProbesImpl.probeCoroutineCreated$kotlinx_coroutines_core(DebugProbesImpl.kt:497)
	at kotlin.coroutines.jvm.internal.DebugProbesKt.probeCoroutineCreated(DebugProbes.kt:7)
	at kotlin.coroutines.intrinsics.IntrinsicsKt__IntrinsicsJvmKt.createCoroutineUnintercepted(IntrinsicsJvm.kt:161)
	at kotlinx.coroutines.intrinsics.CancellableKt.startCoroutineCancellable(Cancellable.kt:26)
	at kotlinx.coroutines.CoroutineStart.invoke(CoroutineStart.kt:358)
	at kotlinx.coroutines.AbstractCoroutine.start(AbstractCoroutine.kt:134)
	at kotlinx.coroutines.BuildersKt__Builders_commonKt.launch(Builders.common.kt:53)
	at kotlinx.coroutines.BuildersKt.launch(Unknown Source)
	at kotlinx.coroutines.BuildersKt__Builders_commonKt.launch$default(Builders.common.kt:44)
	at kotlinx.coroutines.BuildersKt.launch$default(Unknown Source)
	at ies.sequeros.com.dam.pmdm.administrador.ui.dependientes.DependientesViewModel.delete(DependientesViewModel.kt:109)
	at ies.sequeros.com.dam.pmdm.administrador.ui.dependientes.DependientesKt$Dependientes$1$2$1$1.invoke$lambda$4$0(Dependientes.kt:118)
	at ies.sequeros.com.dam.pmdm.administrador.ui.dependientes.DependienteCardKt$DependienteCard$1.invoke$lambda$0$3$3$0(DependienteCard.kt:213)
	at androidx.compose.foundation.ClickableNode.onPointerEvent-H0pRuoY(Clickable.kt:1014)
	at androidx.compose.ui.input.pointer.Node.dispatchMainEventPass(HitPathTracker.kt:444)
	at androidx.compose.ui.input.pointer.Node.dispatchMainEventPass(HitPathTracker.kt:430)
	at androidx.compose.ui.input.pointer.Node.dispatchMainEventPass(HitPathTracker.kt:430)
	at androidx.compose.ui.input.pointer.NodeParent.dispatchMainEventPass(HitPathTracker.kt:276)
	at androidx.compose.ui.input.pointer.HitPathTracker.dispatchChanges(HitPathTracker.kt:172)
	at androidx.compose.ui.input.pointer.PointerInputEventProcessor.process-BIzXfog(PointerInputEventProcessor.kt:118)
	at androidx.compose.ui.node.RootNodeOwner.onPointerInput-l-3BpVI(RootNodeOwner.skiko.kt:315)
	at androidx.compose.ui.scene.CanvasLayersComposeSceneImpl.processRelease-l-3BpVI(CanvasLayersComposeScene.skiko.kt:335)
	at androidx.compose.ui.scene.CanvasLayersComposeSceneImpl.processPointerInputEvent-l-3BpVI(CanvasLayersComposeScene.skiko.kt:236)
	at androidx.compose.ui.scene.BaseComposeScene$inputHandler$2.invoke-l-3BpVI(BaseComposeScene.skiko.kt:65)
	at androidx.compose.ui.scene.BaseComposeScene$inputHandler$2.invoke(BaseComposeScene.skiko.kt:65)
	at androidx.compose.ui.input.pointer.SyntheticEventSender.sendInternal-l-3BpVI(SyntheticEventSender.skiko.kt:197)
	at androidx.compose.ui.input.pointer.SyntheticEventSender.send-l-3BpVI(SyntheticEventSender.skiko.kt:82)
	at androidx.compose.ui.scene.ComposeSceneInputHandler.onPointerEvent--c_cFIg(ComposeSceneInputHandler.skiko.kt:130)
	at androidx.compose.ui.scene.ComposeSceneInputHandler.onPointerEvent-lDgZiSw(ComposeSceneInputHandler.skiko.kt:91)
	at androidx.compose.ui.scene.BaseComposeScene.sendPointerEvent-lDgZiSw(BaseComposeScene.skiko.kt:216)
	at androidx.compose.ui.scene.ComposeScene.sendPointerEvent-lDgZiSw$default(ComposeScene.skiko.kt:202)
	at androidx.compose.ui.scene.ComposeSceneMediator_desktopKt.onMouseEvent-d-4ec7I(ComposeSceneMediator.desktop.kt:846)
	at androidx.compose.ui.scene.ComposeSceneMediator_desktopKt.access$onMouseEvent-d-4ec7I(ComposeSceneMediator.desktop.kt:1)
	at androidx.compose.ui.scene.ComposeSceneMediator.onMouseEvent(ComposeSceneMediator.desktop.kt:454)
	at androidx.compose.ui.scene.ComposeSceneMediator.access$onMouseEvent(ComposeSceneMediator.desktop.kt:110)
	at androidx.compose.ui.scene.ComposeSceneMediator$mouseListener$1.mouseReleased(ComposeSceneMediator.desktop.kt:269)
	at java.desktop/java.awt.Component.processMouseEvent(Unknown Source)
	at java.desktop/java.awt.Component.processEvent(Unknown Source)
	at java.desktop/java.awt.Component.dispatchEventImpl(Unknown Source)
	at java.desktop/java.awt.Component.dispatchEvent(Unknown Source)
	at java.desktop/java.awt.EventQueue.dispatchEventImpl(Unknown Source)
	at java.desktop/java.awt.EventQueue$4.run(Unknown Source)
	at java.desktop/java.awt.EventQueue$4.run(Unknown Source)
	at java.base/java.security.AccessController.doPrivileged(Unknown Source)
	at java.base/java.security.ProtectionDomain$JavaSecurityAccessImpl.doIntersectionPrivilege(Unknown Source)
	at java.base/java.security.ProtectionDomain$JavaSecurityAccessImpl.doIntersectionPrivilege(Unknown Source)
	at java.desktop/java.awt.EventQueue$5.run(Unknown Source)
	at java.desktop/java.awt.EventQueue$5.run(Unknown Source)
	at java.base/java.security.AccessController.doPrivileged(Unknown Source)
	at java.base/java.security.ProtectionDomain$JavaSecurityAccessImpl.doIntersectionPrivilege(Unknown Source)
	at java.desktop/java.awt.EventQueue.dispatchEvent(Unknown Source)
	at java.desktop/java.awt.EventDispatchThread.pumpOneEventForFilters(Unknown Source)
	at java.desktop/java.awt.EventDispatchThread.pumpEventsForFilter(Unknown Source)
	at java.desktop/java.awt.EventDispatchThread.pumpEventsForHierarchy(Unknown Source)
	at java.desktop/java.awt.EventDispatchThread.pumpEvents(Unknown Source)
	at java.desktop/java.awt.EventDispatchThread.pumpEvents(Unknown Source)
	at java.desktop/java.awt.EventDispatchThread.run(Unknown Source)

nov 21, 2025 5:58:08 P. M. ies.sequeros.com.dam.pmdm.administrador.infraestructura.dependientes.DependienteDao getAll
INFORMACIÓN: Ejecutando SQL: select * from dependiente | Parametros: 
nov 21, 2025 5:58:16 P. M. ies.sequeros.com.dam.pmdm.administrador.infraestructura.dependientes.DependienteDao getById
INFORMACIÓN: Ejecutando SQL: select * from dependiente where id=? | Parametros: [id=8df8e738-61ca-4556-b62b-2c550e997f4c]
nov 21, 2025 5:58:25 P. M. ies.sequeros.com.dam.pmdm.administrador.infraestructura.dependientes.DependienteDao getById
INFORMACIÓN: Ejecutando SQL: select * from dependiente where id=? | Parametros: [id=8df8e738-61ca-4556-b62b-2c550e997f4c]
nov 21, 2025 5:58:26 P. M. ies.sequeros.com.dam.pmdm.administrador.infraestructura.dependientes.DependienteDao delete
INFORMACIÓN: Ejecutando SQL: delete from dependiente where id=? | Parametros: [id=8df8e738-61ca-4556-b62b-2c550e997f4c]
nov 21, 2025 6:00:33 P. M. ies.sequeros.com.dam.pmdm.administrador.infraestructura.dependientes.DependienteDao getAll
INFORMACIÓN: Ejecutando SQL: select * from dependiente | Parametros: 
nov 21, 2025 6:00:59 P. M. ies.sequeros.com.dam.pmdm.administrador.infraestructura.dependientes.DependienteDao insert
INFORMACIÓN: Ejecutando SQL: INSERT INTO dependiente (id, name, email, password, image_path, enabled, is_admin) VALUES (?, ?, ?, ?, ?, ?, ?) | Params: [1]=99f231a3-2bd5-4240-acc1-115afb000c21, [2]=fesw, [3]=fea@fds, [4]=12345678Aa, [5]=99f231a3-2bd5-4240-acc1-115afb000c21.jpeg, [6]=false, [7]=false]
nov 21, 2025 6:01:02 P. M. ies.sequeros.com.dam.pmdm.administrador.infraestructura.dependientes.DependienteDao getById
INFORMACIÓN: Ejecutando SQL: select * from dependiente where id=? | Parametros: [id=99f231a3-2bd5-4240-acc1-115afb000c21]
nov 21, 2025 6:01:02 P. M. ies.sequeros.com.dam.pmdm.administrador.infraestructura.dependientes.DependienteDao update
INFORMACIÓN: Ejecutando SQL: UPDATE dependiente SET name = ?, email = ?, password = ?, image_path = ?, enabled = ?, is_admin = ? WHERE id = ? | Params: [1]=fesw, [2]=fea@fds, [3]=12345678Aa, [4]=99f231a3-2bd5-4240-acc1-115afb000c21.jpeg, [5]=true, [6]=false, [7]=99f231a3-2bd5-4240-acc1-115afb000c21]
nov 21, 2025 6:01:03 P. M. ies.sequeros.com.dam.pmdm.administrador.infraestructura.dependientes.DependienteDao getById
INFORMACIÓN: Ejecutando SQL: select * from dependiente where id=? | Parametros: [id=99f231a3-2bd5-4240-acc1-115afb000c21]
nov 21, 2025 6:01:03 P. M. ies.sequeros.com.dam.pmdm.administrador.infraestructura.dependientes.DependienteDao update
INFORMACIÓN: Ejecutando SQL: UPDATE dependiente SET name = ?, email = ?, password = ?, image_path = ?, enabled = ?, is_admin = ? WHERE id = ? | Params: [1]=fesw, [2]=fea@fds, [3]=12345678Aa, [4]=99f231a3-2bd5-4240-acc1-115afb000c21.jpeg, [5]=false, [6]=false, [7]=99f231a3-2bd5-4240-acc1-115afb000c21]
nov 21, 2025 6:01:04 P. M. ies.sequeros.com.dam.pmdm.administrador.infraestructura.dependientes.DependienteDao getById
INFORMACIÓN: Ejecutando SQL: select * from dependiente where id=? | Parametros: [id=99f231a3-2bd5-4240-acc1-115afb000c21]
nov 21, 2025 6:01:04 P. M. ies.sequeros.com.dam.pmdm.administrador.infraestructura.dependientes.DependienteDao getById
INFORMACIÓN: Ejecutando SQL: select * from dependiente where id=? | Parametros: [id=99f231a3-2bd5-4240-acc1-115afb000c21]
nov 21, 2025 6:01:04 P. M. ies.sequeros.com.dam.pmdm.administrador.infraestructura.dependientes.DependienteDao delete
INFORMACIÓN: Ejecutando SQL: delete from dependiente where id=? | Parametros: [id=99f231a3-2bd5-4240-acc1-115afb000c21]
nov 26, 2025 7:56:26 P. M. ies.sequeros.com.dam.pmdm.administrador.infraestructura.dependientes.DependienteDao getAll
INFO: Ejecutando SQL: select * from dependiente | Parametros: 
nov 26, 2025 8:03:29 P. M. ies.sequeros.com.dam.pmdm.administrador.infraestructura.dependientes.DependienteDao getAll
INFO: Ejecutando SQL: select * from dependiente | Parametros: 
nov 26, 2025 8:04:51 P. M. ies.sequeros.com.dam.pmdm.administrador.infraestructura.dependientes.DependienteDao insert
INFO: Ejecutando SQL: INSERT INTO dependiente (id, name, email, password, image_path, enabled, is_admin) VALUES (?, ?, ?, ?, ?, ?, ?) | Params: [1]=732229c9-084b-413e-bd60-20ff23c603c6, [2]=Pomares, [3]=javierpomaresgomez@gmail.com, [4]=12345678Aa, [5]=732229c9-084b-413e-bd60-20ff23c603c6.png, [6]=true, [7]=true]
nov 26, 2025 8:05:03 P. M. ies.sequeros.com.dam.pmdm.administrador.infraestructura.dependientes.DependienteDao getAll
INFO: Ejecutando SQL: select * from dependiente | Parametros: 
nov 27, 2025 8:01:40 P. M. ies.sequeros.com.dam.pmdm.administrador.infraestructura.dependientes.DependienteDao getAll
INFO: Ejecutando SQL: select * from dependiente | Parametros: 
nov 27, 2025 8:01:57 P. M. sun.awt.X11.XToolkit processException
WARNING: Exception on Toolkit thread
java.lang.NullPointerException: Cannot invoke "sun.awt.X11.XComponentPeer.pSetCursor(java.awt.Cursor)" because the return value of "sun.awt.AWTAccessor$ComponentAccessor.getPeer(java.awt.Component)" is null
	at java.desktop/sun.awt.X11.XWindow.handleXCrossingEvent(XWindow.java:948)
	at java.desktop/sun.awt.X11.XComponentPeer.handleXCrossingEvent(XComponentPeer.java:74)
	at java.desktop/sun.awt.X11.XBaseWindow.dispatchEvent(XBaseWindow.java:1162)
	at java.desktop/sun.awt.X11.XBaseWindow.dispatchToWindow(XBaseWindow.java:1120)
	at java.desktop/sun.awt.X11.XToolkit.dispatchEvent(XToolkit.java:622)
	at java.desktop/sun.awt.X11.XToolkit.run(XToolkit.java:735)
	at java.desktop/sun.awt.X11.XToolkit.run(XToolkit.java:651)
	at java.base/java.lang.Thread.run(Thread.java:1583)

nov 28, 2025 6:48:22 P. M. ies.sequeros.com.dam.pmdm.administrador.infraestructura.dependientes.DependienteDao getAll
INFO: Ejecutando SQL: select * from dependiente | Parametros: 
dic 02, 2025 3:38:22 P. M. ies.sequeros.com.dam.pmdm.administrador.infraestructura.dependientes.DependienteDao getAll
SEVERE: null
java.sql.SQLSyntaxErrorException: Table 'vegaburguer.dependiente' doesn't exist
	at com.mysql.cj.jdbc.exceptions.SQLError.createSQLException(SQLError.java:121)
	at com.mysql.cj.jdbc.exceptions.SQLExceptionsMapping.translateException(SQLExceptionsMapping.java:122)
	at com.mysql.cj.jdbc.ClientPreparedStatement.executeInternal(ClientPreparedStatement.java:916)
	at com.mysql.cj.jdbc.ClientPreparedStatement.executeQuery(ClientPreparedStatement.java:972)
	at ies.sequeros.com.dam.pmdm.administrador.infraestructura.dependientes.DependienteDao.getAll(DependienteDao.java:94)
	at ies.sequeros.com.dam.pmdm.administrador.infraestructura.dependientes.BBDDRepositorioDependientesJava.getAll(BBDDRepositorioDependientesJava.java:43)
	at ies.sequeros.com.dam.pmdm.administrador.infraestructura.Dependiente.BBDDDependienteRepository.getAll(BBDDDependienteRepository.kt:33)
	at ies.sequeros.com.dam.pmdm.administrador.aplicacion.dependientes.listar.ListarDependientesUseCase.invoke(ListarDependientesUseCase.kt:15)
	at ies.sequeros.com.dam.pmdm.administrador.ui.dependientes.DependientesViewModel$1.invokeSuspend(DependientesViewModel.kt:60)
	at kotlin.coroutines.jvm.internal.BaseContinuationImpl.resumeWith(ContinuationImpl.kt:34)
	at kotlinx.coroutines.internal.DispatchedContinuationKt.resumeCancellableWith(DispatchedContinuation.kt:375)
	at kotlinx.coroutines.intrinsics.CancellableKt.startCoroutineCancellable(Cancellable.kt:26)
	at kotlinx.coroutines.CoroutineStart.invoke(CoroutineStart.kt:358)
	at kotlinx.coroutines.AbstractCoroutine.start(AbstractCoroutine.kt:134)
	at kotlinx.coroutines.BuildersKt__Builders_commonKt.launch(Builders.common.kt:53)
	at kotlinx.coroutines.BuildersKt.launch(Unknown Source)
	at kotlinx.coroutines.BuildersKt__Builders_commonKt.launch$default(Builders.common.kt:44)
	at kotlinx.coroutines.BuildersKt.launch$default(Unknown Source)
	at ies.sequeros.com.dam.pmdm.administrador.ui.dependientes.DependientesViewModel.<init>(DependientesViewModel.kt:59)
	at ies.sequeros.com.dam.pmdm.AppKt.App$lambda$3$0(App.kt:26)
	at androidx.lifecycle.viewmodel.internal.ViewModelProviders.createViewModelFromInitializers$lifecycle_viewmodel(ViewModelProviders.kt:85)
	at androidx.lifecycle.viewmodel.InitializerViewModelFactory.create(InitializerViewModelFactory.desktop.kt:35)
	at androidx.lifecycle.viewmodel.ViewModelProviderImpl_desktopKt.createViewModel(ViewModelProviderImpl.desktop.kt:27)
	at androidx.lifecycle.viewmodel.ViewModelProviderImpl.getViewModel$lifecycle_viewmodel(ViewModelProviderImpl.kt:60)
	at androidx.lifecycle.viewmodel.ViewModelProviderImpl.getViewModel$lifecycle_viewmodel$default(ViewModelProviderImpl.kt:43)
	at androidx.lifecycle.ViewModelProvider.get(ViewModelProvider.desktop.kt:35)
	at androidx.lifecycle.viewmodel.compose.ViewModelKt__ViewModelKt.get(ViewModel.kt:172)
	at androidx.lifecycle.viewmodel.compose.ViewModelKt.get(ViewModel.kt:1)
	at androidx.lifecycle.viewmodel.compose.ViewModelKt__ViewModelKt.viewModel(ViewModel.kt:106)
	at androidx.lifecycle.viewmodel.compose.ViewModelKt.viewModel(ViewModel.kt:1)
	at ies.sequeros.com.dam.pmdm.AppKt.App(App.kt:117)
	at ies.sequeros.com.dam.pmdm.ComposableSingletons$MainKt$lambda$-1167175247$1$2.invoke(main.kt:30)
	at ies.sequeros.com.dam.pmdm.ComposableSingletons$MainKt$lambda$-1167175247$1$2.invoke(main.kt:28)
	at androidx.compose.runtime.internal.ComposableLambdaImpl.invoke(ComposableLambda.kt:130)
	at androidx.compose.runtime.internal.ComposableLambdaImpl.invoke(ComposableLambda.kt:51)
	at androidx.compose.ui.awt.ComposeWindow$setContent$5.invoke(ComposeWindow.desktop.kt:161)
	at androidx.compose.ui.awt.ComposeWindow$setContent$5.invoke(ComposeWindow.desktop.kt:160)
	at androidx.compose.runtime.internal.ComposableLambdaImpl.invoke(ComposableLambda.kt:121)
	at androidx.compose.runtime.internal.ComposableLambdaImpl.invoke(ComposableLambda.kt:51)
	at androidx.compose.ui.awt.WindowContentLayout_desktopKt.WindowContentLayout(WindowContentLayout.desktop.kt:110)
	at androidx.compose.ui.awt.ComposeWindowPanel$setContent$3$1.invoke(ComposeWindowPanel.desktop.kt:146)
	at androidx.compose.ui.awt.ComposeWindowPanel$setContent$3$1.invoke(ComposeWindowPanel.desktop.kt:145)
	at androidx.compose.runtime.internal.ComposableLambdaImpl.invoke(ComposableLambda.kt:121)
	at androidx.compose.runtime.internal.ComposableLambdaImpl.invoke(ComposableLambda.kt:51)
	at androidx.compose.runtime.CompositionLocalKt.CompositionLocalProvider(CompositionLocal.kt:390)
	at androidx.compose.ui.awt.ComposeWindowPanel$setContent$3.invoke(ComposeWindowPanel.desktop.kt:143)
	at androidx.compose.ui.awt.ComposeWindowPanel$setContent$3.invoke(ComposeWindowPanel.desktop.kt:142)
	at androidx.compose.runtime.internal.ComposableLambdaImpl.invoke(ComposableLambda.kt:121)
	at androidx.compose.runtime.internal.ComposableLambdaImpl.invoke(ComposableLambda.kt:51)
	at androidx.compose.ui.scene.ComposeContainer$setContent$1$1.invoke(ComposeContainer.desktop.kt:385)
	at androidx.compose.ui.scene.ComposeContainer$setContent$1$1.invoke(ComposeContainer.desktop.kt:384)
	at androidx.compose.runtime.internal.ComposableLambdaImpl.invoke(ComposableLambda.kt:121)
	at androidx.compose.runtime.internal.ComposableLambdaImpl.invoke(ComposableLambda.kt:51)
	at androidx.compose.runtime.CompositionLocalKt.CompositionLocalProvider(CompositionLocal.kt:370)
	at androidx.compose.ui.scene.ComposeContainer_desktopKt.ProvideContainerCompositionLocals(ComposeContainer.desktop.kt:579)
	at androidx.compose.ui.scene.ComposeContainer_desktopKt.access$ProvideContainerCompositionLocals(ComposeContainer.desktop.kt:1)
	at androidx.compose.ui.scene.ComposeContainer$setContent$1.invoke(ComposeContainer.desktop.kt:384)
	at androidx.compose.ui.scene.ComposeContainer$setContent$1.invoke(ComposeContainer.desktop.kt:383)
	at androidx.compose.runtime.internal.ComposableLambdaImpl.invoke(ComposableLambda.kt:121)
	at androidx.compose.runtime.internal.ComposableLambdaImpl.invoke(ComposableLambda.kt:51)
	at androidx.compose.ui.scene.ComposeSceneMediator$setContent$1$1$1$1.invoke(ComposeSceneMediator.desktop.kt:596)
	at androidx.compose.ui.scene.ComposeSceneMediator$setContent$1$1$1$1.invoke(ComposeSceneMediator.desktop.kt:595)
	at androidx.compose.runtime.internal.ComposableLambdaImpl.invoke(ComposableLambda.kt:121)
	at androidx.compose.runtime.internal.ComposableLambdaImpl.invoke(ComposableLambda.kt:51)
	at androidx.compose.ui.layout.OverlayLayout_skikoKt.OverlayLayout(OverlayLayout.skiko.kt:81)
	at androidx.compose.ui.viewinterop.InteropContainer_skikoKt.TrackInteropPlacementContainer(InteropContainer.skiko.kt:138)
	at androidx.compose.ui.viewinterop.SwingInteropContainer$invoke$1.invoke(SwingInteropContainer.desktop.kt:276)
	at androidx.compose.ui.viewinterop.SwingInteropContainer$invoke$1.invoke(SwingInteropContainer.desktop.kt:275)
	at androidx.compose.runtime.internal.ComposableLambdaImpl.invoke(ComposableLambda.kt:121)
	at androidx.compose.runtime.internal.ComposableLambdaImpl.invoke(ComposableLambda.kt:51)
	at androidx.compose.runtime.CompositionLocalKt.CompositionLocalProvider(CompositionLocal.kt:390)
	at androidx.compose.ui.viewinterop.SwingInteropContainer.invoke(SwingInteropContainer.desktop.kt:273)
	at androidx.compose.ui.scene.ComposeSceneMediator$setContent$1$1$1.invoke(ComposeSceneMediator.desktop.kt:595)
	at androidx.compose.ui.scene.ComposeSceneMediator$setContent$1$1$1.invoke(ComposeSceneMediator.desktop.kt:594)
	at androidx.compose.runtime.internal.ComposableLambdaImpl.invoke(ComposableLambda.kt:121)
	at androidx.compose.runtime.internal.ComposableLambdaImpl.invoke(ComposableLambda.kt:51)
	at androidx.compose.runtime.CompositionLocalKt.CompositionLocalProvider(CompositionLocal.kt:370)
	at androidx.compose.ui.scene.BaseComposeScene$setContent$1$2.invoke(BaseComposeScene.skiko.kt:150)
	at androidx.compose.ui.scene.BaseComposeScene$setContent$1$2.invoke(BaseComposeScene.skiko.kt:149)
	at androidx.compose.runtime.internal.ComposableLambdaImpl.invoke(ComposableLambda.kt:121)
	at androidx.compose.runtime.internal.ComposableLambdaImpl.invoke(ComposableLambda.kt:51)
	at androidx.compose.runtime.CompositionLocalKt.CompositionLocalProvider(CompositionLocal.kt:370)
	at androidx.compose.ui.platform.CompositionLocalsKt.ProvideCommonCompositionLocals(CompositionLocals.kt:216)
	at androidx.compose.ui.platform.Wrapper_skikoKt$setContent$2$1.invoke(Wrapper.skiko.kt:47)
	at androidx.compose.ui.platform.Wrapper_skikoKt$setContent$2$1.invoke(Wrapper.skiko.kt:46)
	at androidx.compose.runtime.internal.ComposableLambdaImpl.invoke(ComposableLambda.kt:121)
	at androidx.compose.runtime.internal.ComposableLambdaImpl.invoke(ComposableLambda.kt:51)
	at androidx.compose.runtime.CompositionLocalKt.CompositionLocalProvider(CompositionLocal.kt:370)
	at androidx.compose.runtime.CompositionLocalKt.CompositionLocalProvider(CompositionLocal.kt:410)
	at androidx.compose.ui.platform.Wrapper_skikoKt.provide(Wrapper.skiko.kt:60)
	at androidx.compose.ui.platform.Wrapper_skikoKt.access$provide(Wrapper.skiko.kt:1)
	at androidx.compose.ui.platform.Wrapper_skikoKt$setContent$2.invoke(Wrapper.skiko.kt:46)
	at androidx.compose.ui.platform.Wrapper_skikoKt$setContent$2.invoke(Wrapper.skiko.kt:45)
	at androidx.compose.runtime.internal.ComposableLambdaImpl.invoke(ComposableLambda.kt:121)
	at androidx.compose.runtime.internal.ComposableLambdaImpl.invoke(ComposableLambda.kt:51)
	at androidx.compose.runtime.internal.Expect_jvmKt.invokeComposable(Expect.jvm.kt:24)
	at androidx.compose.runtime.ComposerImpl.doCompose-aFTiNEg(Composer.kt:3843)
	at androidx.compose.runtime.ComposerImpl.composeContent--ZbOJvo$runtime(Composer.kt:3747)
	at androidx.compose.runtime.CompositionImpl.composeContent(Composition.kt:832)
	at androidx.compose.runtime.Recomposer.composeInitial$runtime(Recomposer.kt:1233)
	at androidx.compose.runtime.CompositionImpl.composeInitial(Composition.kt:672)
	at androidx.compose.runtime.CompositionImpl.setContent(Composition.kt:639)
	at androidx.compose.ui.platform.Wrapper_skikoKt.setContent(Wrapper.skiko.kt:45)
	at androidx.compose.ui.scene.CanvasLayersComposeSceneImpl.createComposition(CanvasLayersComposeScene.skiko.kt:215)
	at androidx.compose.ui.scene.BaseComposeScene.setContent(BaseComposeScene.skiko.kt:149)
	at androidx.compose.ui.scene.ComposeSceneMediator.setContent$lambda$14(ComposeSceneMediator.desktop.kt:594)
	at androidx.compose.ui.scene.ComposeSceneMediator.onComponentAttached(ComposeSceneMediator.desktop.kt:564)
	at androidx.compose.ui.scene.ComposeContainer.addNotify(ComposeContainer.desktop.kt:324)
	at androidx.compose.ui.awt.ComposeWindowPanel.addNotify(ComposeWindowPanel.desktop.kt:123)
	at java.desktop/java.awt.Container.addNotify(Container.java:2804)
	at java.desktop/javax.swing.JComponent.addNotify(JComponent.java:4846)
	at java.desktop/java.awt.Container.addNotify(Container.java:2804)
	at java.desktop/javax.swing.JComponent.addNotify(JComponent.java:4846)
	at java.desktop/java.awt.Container.addNotify(Container.java:2804)
	at java.desktop/javax.swing.JComponent.addNotify(JComponent.java:4846)
	at java.desktop/javax.swing.JRootPane.addNotify(JRootPane.java:721)
	at java.desktop/java.awt.Container.addNotify(Container.java:2804)
	at java.desktop/java.awt.Window.addNotify(Window.java:791)
	at java.desktop/java.awt.Frame.addNotify(Frame.java:495)
	at java.desktop/java.awt.Window.pack(Window.java:829)
	at androidx.compose.ui.util.Windows_desktopKt.setSizeImpl-6HolHcs(Windows.desktop.kt:115)
	at androidx.compose.ui.util.Windows_desktopKt.setSizeSafely-hQcJfNw(Windows.desktop.kt:54)
	at androidx.compose.ui.awt.SwingWindow_desktopKt.SwingWindow$lambda$37$lambda$36(SwingWindow.desktop.kt:294)
	at androidx.compose.ui.awt.SwingWindow_desktopKt.SwingWindow$lambda$12$lambda$11(SwingWindow.desktop.kt:130)
	at androidx.compose.ui.awt.AwtWindow_desktopKt.AwtWindow$lambda$7$lambda$6(AwtWindow.desktop.kt:77)
	at androidx.compose.ui.util.UpdateEffect_desktopKt.UpdateEffect$lambda$8$lambda$7$performUpdate$lambda$4(UpdateEffect.desktop.kt:59)
	at androidx.compose.runtime.snapshots.Snapshot$Companion.observe(Snapshot.kt:2495)
	at androidx.compose.runtime.snapshots.SnapshotStateObserver$ObservedScopeMap.observe(SnapshotStateObserver.kt:464)
	at androidx.compose.runtime.snapshots.SnapshotStateObserver.observeReads(SnapshotStateObserver.kt:248)
	at androidx.compose.ui.util.UpdateEffect_desktopKt.UpdateEffect$lambda$8$lambda$7$performUpdate(UpdateEffect.desktop.kt:55)
	at androidx.compose.ui.util.UpdateEffect_desktopKt.UpdateEffect$lambda$8$lambda$7(UpdateEffect.desktop.kt:64)
	at androidx.compose.runtime.DisposableEffectImpl.onRemembered(Effects.kt:85)
	at androidx.compose.runtime.internal.RememberEventDispatcher.dispatchRememberList(RememberEventDispatcher.kt:253)
	at androidx.compose.runtime.internal.RememberEventDispatcher.dispatchRememberObservers(RememberEventDispatcher.kt:225)
	at androidx.compose.runtime.CompositionImpl.applyChangesInLocked(Composition.kt:1122)
	at androidx.compose.runtime.CompositionImpl.applyChanges(Composition.kt:1149)
	at androidx.compose.runtime.Recomposer.composeInitial$runtime(Recomposer.kt:1266)
	at androidx.compose.runtime.CompositionImpl.composeInitial(Composition.kt:672)
	at androidx.compose.runtime.CompositionImpl.setContent(Composition.kt:639)
	at androidx.compose.ui.window.Application_desktopKt$awaitApplication$2$1$2.invokeSuspend(Application.desktop.kt:219)
	at kotlin.coroutines.jvm.internal.BaseContinuationImpl.resumeWith(ContinuationImpl.kt:34)
	at kotlinx.coroutines.DispatchedTask.run(DispatchedTask.kt:100)
	at java.desktop/java.awt.event.InvocationEvent.dispatch(InvocationEvent.java:318)
	at java.desktop/java.awt.EventQueue.dispatchEventImpl(EventQueue.java:773)
	at java.desktop/java.awt.EventQueue$4.run(EventQueue.java:720)
	at java.desktop/java.awt.EventQueue$4.run(EventQueue.java:714)
	at java.base/java.security.AccessController.doPrivileged(AccessController.java:400)
	at java.base/java.security.ProtectionDomain$JavaSecurityAccessImpl.doIntersectionPrivilege(ProtectionDomain.java:87)
	at java.desktop/java.awt.EventQueue.dispatchEvent(EventQueue.java:742)
	at java.desktop/java.awt.EventDispatchThread.pumpOneEventForFilters(EventDispatchThread.java:203)
	at java.desktop/java.awt.EventDispatchThread.pumpEventsForFilter(EventDispatchThread.java:124)
	at java.desktop/java.awt.EventDispatchThread.pumpEventsForHierarchy(EventDispatchThread.java:113)
	at java.desktop/java.awt.EventDispatchThread.pumpEvents(EventDispatchThread.java:109)
	at java.desktop/java.awt.EventDispatchThread.pumpEvents(EventDispatchThread.java:101)
	at java.desktop/java.awt.EventDispatchThread.run(EventDispatchThread.java:90)

dic 02, 2025 3:38:34 P. M. ies.sequeros.com.dam.pmdm.administrador.infraestructura.dependientes.DependienteDao getAll
SEVERE: null
java.sql.SQLSyntaxErrorException: Table 'vegaburguer.dependiente' doesn't exist
	at com.mysql.cj.jdbc.exceptions.SQLError.createSQLException(SQLError.java:121)
	at com.mysql.cj.jdbc.exceptions.SQLExceptionsMapping.translateException(SQLExceptionsMapping.java:122)
	at com.mysql.cj.jdbc.ClientPreparedStatement.executeInternal(ClientPreparedStatement.java:916)
	at com.mysql.cj.jdbc.ClientPreparedStatement.executeQuery(ClientPreparedStatement.java:972)
	at ies.sequeros.com.dam.pmdm.administrador.infraestructura.dependientes.DependienteDao.getAll(DependienteDao.java:94)
	at ies.sequeros.com.dam.pmdm.administrador.infraestructura.dependientes.BBDDRepositorioDependientesJava.getAll(BBDDRepositorioDependientesJava.java:43)
	at ies.sequeros.com.dam.pmdm.administrador.infraestructura.Dependiente.BBDDDependienteRepository.getAll(BBDDDependienteRepository.kt:33)
	at ies.sequeros.com.dam.pmdm.administrador.aplicacion.dependientes.listar.ListarDependientesUseCase.invoke(ListarDependientesUseCase.kt:15)
	at ies.sequeros.com.dam.pmdm.administrador.ui.dependientes.DependientesViewModel$1.invokeSuspend(DependientesViewModel.kt:60)
	at kotlin.coroutines.jvm.internal.BaseContinuationImpl.resumeWith(ContinuationImpl.kt:34)
	at kotlinx.coroutines.internal.DispatchedContinuationKt.resumeCancellableWith(DispatchedContinuation.kt:375)
	at kotlinx.coroutines.intrinsics.CancellableKt.startCoroutineCancellable(Cancellable.kt:26)
	at kotlinx.coroutines.CoroutineStart.invoke(CoroutineStart.kt:358)
	at kotlinx.coroutines.AbstractCoroutine.start(AbstractCoroutine.kt:134)
	at kotlinx.coroutines.BuildersKt__Builders_commonKt.launch(Builders.common.kt:53)
	at kotlinx.coroutines.BuildersKt.launch(Unknown Source)
	at kotlinx.coroutines.BuildersKt__Builders_commonKt.launch$default(Builders.common.kt:44)
	at kotlinx.coroutines.BuildersKt.launch$default(Unknown Source)
	at ies.sequeros.com.dam.pmdm.administrador.ui.dependientes.DependientesViewModel.<init>(DependientesViewModel.kt:59)
	at ies.sequeros.com.dam.pmdm.AppKt.App$lambda$3$0(App.kt:26)
	at androidx.lifecycle.viewmodel.internal.ViewModelProviders.createViewModelFromInitializers$lifecycle_viewmodel(ViewModelProviders.kt:85)
	at androidx.lifecycle.viewmodel.InitializerViewModelFactory.create(InitializerViewModelFactory.desktop.kt:35)
	at androidx.lifecycle.viewmodel.ViewModelProviderImpl_desktopKt.createViewModel(ViewModelProviderImpl.desktop.kt:27)
	at androidx.lifecycle.viewmodel.ViewModelProviderImpl.getViewModel$lifecycle_viewmodel(ViewModelProviderImpl.kt:60)
	at androidx.lifecycle.viewmodel.ViewModelProviderImpl.getViewModel$lifecycle_viewmodel$default(ViewModelProviderImpl.kt:43)
	at androidx.lifecycle.ViewModelProvider.get(ViewModelProvider.desktop.kt:35)
	at androidx.lifecycle.viewmodel.compose.ViewModelKt__ViewModelKt.get(ViewModel.kt:172)
	at androidx.lifecycle.viewmodel.compose.ViewModelKt.get(ViewModel.kt:1)
	at androidx.lifecycle.viewmodel.compose.ViewModelKt__ViewModelKt.viewModel(ViewModel.kt:106)
	at androidx.lifecycle.viewmodel.compose.ViewModelKt.viewModel(ViewModel.kt:1)
	at ies.sequeros.com.dam.pmdm.AppKt.App(App.kt:117)
	at ies.sequeros.com.dam.pmdm.ComposableSingletons$MainKt$lambda$-1167175247$1$2.invoke(main.kt:30)
	at ies.sequeros.com.dam.pmdm.ComposableSingletons$MainKt$lambda$-1167175247$1$2.invoke(main.kt:28)
	at androidx.compose.runtime.internal.ComposableLambdaImpl.invoke(ComposableLambda.kt:130)
	at androidx.compose.runtime.internal.ComposableLambdaImpl.invoke(ComposableLambda.kt:51)
	at androidx.compose.ui.awt.ComposeWindow$setContent$5.invoke(ComposeWindow.desktop.kt:161)
	at androidx.compose.ui.awt.ComposeWindow$setContent$5.invoke(ComposeWindow.desktop.kt:160)
	at androidx.compose.runtime.internal.ComposableLambdaImpl.invoke(ComposableLambda.kt:121)
	at androidx.compose.runtime.internal.ComposableLambdaImpl.invoke(ComposableLambda.kt:51)
	at androidx.compose.ui.awt.WindowContentLayout_desktopKt.WindowContentLayout(WindowContentLayout.desktop.kt:110)
	at androidx.compose.ui.awt.ComposeWindowPanel$setContent$3$1.invoke(ComposeWindowPanel.desktop.kt:146)
	at androidx.compose.ui.awt.ComposeWindowPanel$setContent$3$1.invoke(ComposeWindowPanel.desktop.kt:145)
	at androidx.compose.runtime.internal.ComposableLambdaImpl.invoke(ComposableLambda.kt:121)
	at androidx.compose.runtime.internal.ComposableLambdaImpl.invoke(ComposableLambda.kt:51)
	at androidx.compose.runtime.CompositionLocalKt.CompositionLocalProvider(CompositionLocal.kt:390)
	at androidx.compose.ui.awt.ComposeWindowPanel$setContent$3.invoke(ComposeWindowPanel.desktop.kt:143)
	at androidx.compose.ui.awt.ComposeWindowPanel$setContent$3.invoke(ComposeWindowPanel.desktop.kt:142)
	at androidx.compose.runtime.internal.ComposableLambdaImpl.invoke(ComposableLambda.kt:121)
	at androidx.compose.runtime.internal.ComposableLambdaImpl.invoke(ComposableLambda.kt:51)
	at androidx.compose.ui.scene.ComposeContainer$setContent$1$1.invoke(ComposeContainer.desktop.kt:385)
	at androidx.compose.ui.scene.ComposeContainer$setContent$1$1.invoke(ComposeContainer.desktop.kt:384)
	at androidx.compose.runtime.internal.ComposableLambdaImpl.invoke(ComposableLambda.kt:121)
	at androidx.compose.runtime.internal.ComposableLambdaImpl.invoke(ComposableLambda.kt:51)
	at androidx.compose.runtime.CompositionLocalKt.CompositionLocalProvider(CompositionLocal.kt:370)
	at androidx.compose.ui.scene.ComposeContainer_desktopKt.ProvideContainerCompositionLocals(ComposeContainer.desktop.kt:579)
	at androidx.compose.ui.scene.ComposeContainer_desktopKt.access$ProvideContainerCompositionLocals(ComposeContainer.desktop.kt:1)
	at androidx.compose.ui.scene.ComposeContainer$setContent$1.invoke(ComposeContainer.desktop.kt:384)
	at androidx.compose.ui.scene.ComposeContainer$setContent$1.invoke(ComposeContainer.desktop.kt:383)
	at androidx.compose.runtime.internal.ComposableLambdaImpl.invoke(ComposableLambda.kt:121)
	at androidx.compose.runtime.internal.ComposableLambdaImpl.invoke(ComposableLambda.kt:51)
	at androidx.compose.ui.scene.ComposeSceneMediator$setContent$1$1$1$1.invoke(ComposeSceneMediator.desktop.kt:596)
	at androidx.compose.ui.scene.ComposeSceneMediator$setContent$1$1$1$1.invoke(ComposeSceneMediator.desktop.kt:595)
	at androidx.compose.runtime.internal.ComposableLambdaImpl.invoke(ComposableLambda.kt:121)
	at androidx.compose.runtime.internal.ComposableLambdaImpl.invoke(ComposableLambda.kt:51)
	at androidx.compose.ui.layout.OverlayLayout_skikoKt.OverlayLayout(OverlayLayout.skiko.kt:81)
	at androidx.compose.ui.viewinterop.InteropContainer_skikoKt.TrackInteropPlacementContainer(InteropContainer.skiko.kt:138)
	at androidx.compose.ui.viewinterop.SwingInteropContainer$invoke$1.invoke(SwingInteropContainer.desktop.kt:276)
	at androidx.compose.ui.viewinterop.SwingInteropContainer$invoke$1.invoke(SwingInteropContainer.desktop.kt:275)
	at androidx.compose.runtime.internal.ComposableLambdaImpl.invoke(ComposableLambda.kt:121)
	at androidx.compose.runtime.internal.ComposableLambdaImpl.invoke(ComposableLambda.kt:51)
	at androidx.compose.runtime.CompositionLocalKt.CompositionLocalProvider(CompositionLocal.kt:390)
	at androidx.compose.ui.viewinterop.SwingInteropContainer.invoke(SwingInteropContainer.desktop.kt:273)
	at androidx.compose.ui.scene.ComposeSceneMediator$setContent$1$1$1.invoke(ComposeSceneMediator.desktop.kt:595)
	at androidx.compose.ui.scene.ComposeSceneMediator$setContent$1$1$1.invoke(ComposeSceneMediator.desktop.kt:594)
	at androidx.compose.runtime.internal.ComposableLambdaImpl.invoke(ComposableLambda.kt:121)
	at androidx.compose.runtime.internal.ComposableLambdaImpl.invoke(ComposableLambda.kt:51)
	at androidx.compose.runtime.CompositionLocalKt.CompositionLocalProvider(CompositionLocal.kt:370)
	at androidx.compose.ui.scene.BaseComposeScene$setContent$1$2.invoke(BaseComposeScene.skiko.kt:150)
	at androidx.compose.ui.scene.BaseComposeScene$setContent$1$2.invoke(BaseComposeScene.skiko.kt:149)
	at androidx.compose.runtime.internal.ComposableLambdaImpl.invoke(ComposableLambda.kt:121)
	at androidx.compose.runtime.internal.ComposableLambdaImpl.invoke(ComposableLambda.kt:51)
	at androidx.compose.runtime.CompositionLocalKt.CompositionLocalProvider(CompositionLocal.kt:370)
	at androidx.compose.ui.platform.CompositionLocalsKt.ProvideCommonCompositionLocals(CompositionLocals.kt:216)
	at androidx.compose.ui.platform.Wrapper_skikoKt$setContent$2$1.invoke(Wrapper.skiko.kt:47)
	at androidx.compose.ui.platform.Wrapper_skikoKt$setContent$2$1.invoke(Wrapper.skiko.kt:46)
	at androidx.compose.runtime.internal.ComposableLambdaImpl.invoke(ComposableLambda.kt:121)
	at androidx.compose.runtime.internal.ComposableLambdaImpl.invoke(ComposableLambda.kt:51)
	at androidx.compose.runtime.CompositionLocalKt.CompositionLocalProvider(CompositionLocal.kt:370)
	at androidx.compose.runtime.CompositionLocalKt.CompositionLocalProvider(CompositionLocal.kt:410)
	at androidx.compose.ui.platform.Wrapper_skikoKt.provide(Wrapper.skiko.kt:60)
	at androidx.compose.ui.platform.Wrapper_skikoKt.access$provide(Wrapper.skiko.kt:1)
	at androidx.compose.ui.platform.Wrapper_skikoKt$setContent$2.invoke(Wrapper.skiko.kt:46)
	at androidx.compose.ui.platform.Wrapper_skikoKt$setContent$2.invoke(Wrapper.skiko.kt:45)
	at androidx.compose.runtime.internal.ComposableLambdaImpl.invoke(ComposableLambda.kt:121)
	at androidx.compose.runtime.internal.ComposableLambdaImpl.invoke(ComposableLambda.kt:51)
	at androidx.compose.runtime.internal.Expect_jvmKt.invokeComposable(Expect.jvm.kt:24)
	at androidx.compose.runtime.ComposerImpl.doCompose-aFTiNEg(Composer.kt:3843)
	at androidx.compose.runtime.ComposerImpl.composeContent--ZbOJvo$runtime(Composer.kt:3747)
	at androidx.compose.runtime.CompositionImpl.composeContent(Composition.kt:832)
	at androidx.compose.runtime.Recomposer.composeInitial$runtime(Recomposer.kt:1233)
	at androidx.compose.runtime.CompositionImpl.composeInitial(Composition.kt:672)
	at androidx.compose.runtime.CompositionImpl.setContent(Composition.kt:639)
	at androidx.compose.ui.platform.Wrapper_skikoKt.setContent(Wrapper.skiko.kt:45)
	at androidx.compose.ui.scene.CanvasLayersComposeSceneImpl.createComposition(CanvasLayersComposeScene.skiko.kt:215)
	at androidx.compose.ui.scene.BaseComposeScene.setContent(BaseComposeScene.skiko.kt:149)
	at androidx.compose.ui.scene.ComposeSceneMediator.setContent$lambda$14(ComposeSceneMediator.desktop.kt:594)
	at androidx.compose.ui.scene.ComposeSceneMediator.onComponentAttached(ComposeSceneMediator.desktop.kt:564)
	at androidx.compose.ui.scene.ComposeContainer.addNotify(ComposeContainer.desktop.kt:324)
	at androidx.compose.ui.awt.ComposeWindowPanel.addNotify(ComposeWindowPanel.desktop.kt:123)
	at java.desktop/java.awt.Container.addNotify(Container.java:2804)
	at java.desktop/javax.swing.JComponent.addNotify(JComponent.java:4846)
	at java.desktop/java.awt.Container.addNotify(Container.java:2804)
	at java.desktop/javax.swing.JComponent.addNotify(JComponent.java:4846)
	at java.desktop/java.awt.Container.addNotify(Container.java:2804)
	at java.desktop/javax.swing.JComponent.addNotify(JComponent.java:4846)
	at java.desktop/javax.swing.JRootPane.addNotify(JRootPane.java:721)
	at java.desktop/java.awt.Container.addNotify(Container.java:2804)
	at java.desktop/java.awt.Window.addNotify(Window.java:791)
	at java.desktop/java.awt.Frame.addNotify(Frame.java:495)
	at java.desktop/java.awt.Window.pack(Window.java:829)
	at androidx.compose.ui.util.Windows_desktopKt.setSizeImpl-6HolHcs(Windows.desktop.kt:115)
	at androidx.compose.ui.util.Windows_desktopKt.setSizeSafely-hQcJfNw(Windows.desktop.kt:54)
	at androidx.compose.ui.awt.SwingWindow_desktopKt.SwingWindow$lambda$37$lambda$36(SwingWindow.desktop.kt:294)
	at androidx.compose.ui.awt.SwingWindow_desktopKt.SwingWindow$lambda$12$lambda$11(SwingWindow.desktop.kt:130)
	at androidx.compose.ui.awt.AwtWindow_desktopKt.AwtWindow$lambda$7$lambda$6(AwtWindow.desktop.kt:77)
	at androidx.compose.ui.util.UpdateEffect_desktopKt.UpdateEffect$lambda$8$lambda$7$performUpdate$lambda$4(UpdateEffect.desktop.kt:59)
	at androidx.compose.runtime.snapshots.Snapshot$Companion.observe(Snapshot.kt:2495)
	at androidx.compose.runtime.snapshots.SnapshotStateObserver$ObservedScopeMap.observe(SnapshotStateObserver.kt:464)
	at androidx.compose.runtime.snapshots.SnapshotStateObserver.observeReads(SnapshotStateObserver.kt:248)
	at androidx.compose.ui.util.UpdateEffect_desktopKt.UpdateEffect$lambda$8$lambda$7$performUpdate(UpdateEffect.desktop.kt:55)
	at androidx.compose.ui.util.UpdateEffect_desktopKt.UpdateEffect$lambda$8$lambda$7(UpdateEffect.desktop.kt:64)
	at androidx.compose.runtime.DisposableEffectImpl.onRemembered(Effects.kt:85)
	at androidx.compose.runtime.internal.RememberEventDispatcher.dispatchRememberList(RememberEventDispatcher.kt:253)
	at androidx.compose.runtime.internal.RememberEventDispatcher.dispatchRememberObservers(RememberEventDispatcher.kt:225)
	at androidx.compose.runtime.CompositionImpl.applyChangesInLocked(Composition.kt:1122)
	at androidx.compose.runtime.CompositionImpl.applyChanges(Composition.kt:1149)
	at androidx.compose.runtime.Recomposer.composeInitial$runtime(Recomposer.kt:1266)
	at androidx.compose.runtime.CompositionImpl.composeInitial(Composition.kt:672)
	at androidx.compose.runtime.CompositionImpl.setContent(Composition.kt:639)
	at androidx.compose.ui.window.Application_desktopKt$awaitApplication$2$1$2.invokeSuspend(Application.desktop.kt:219)
	at kotlin.coroutines.jvm.internal.BaseContinuationImpl.resumeWith(ContinuationImpl.kt:34)
	at kotlinx.coroutines.DispatchedTask.run(DispatchedTask.kt:100)
	at java.desktop/java.awt.event.InvocationEvent.dispatch(InvocationEvent.java:318)
	at java.desktop/java.awt.EventQueue.dispatchEventImpl(EventQueue.java:773)
	at java.desktop/java.awt.EventQueue$4.run(EventQueue.java:720)
	at java.desktop/java.awt.EventQueue$4.run(EventQueue.java:714)
	at java.base/java.security.AccessController.doPrivileged(AccessController.java:400)
	at java.base/java.security.ProtectionDomain$JavaSecurityAccessImpl.doIntersectionPrivilege(ProtectionDomain.java:87)
	at java.desktop/java.awt.EventQueue.dispatchEvent(EventQueue.java:742)
	at java.desktop/java.awt.EventDispatchThread.pumpOneEventForFilters(EventDispatchThread.java:203)
	at java.desktop/java.awt.EventDispatchThread.pumpEventsForFilter(EventDispatchThread.java:124)
	at java.desktop/java.awt.EventDispatchThread.pumpEventsForHierarchy(EventDispatchThread.java:113)
	at java.desktop/java.awt.EventDispatchThread.pumpEvents(EventDispatchThread.java:109)
	at java.desktop/java.awt.EventDispatchThread.pumpEvents(EventDispatchThread.java:101)
	at java.desktop/java.awt.EventDispatchThread.run(EventDispatchThread.java:90)

dic 02, 2025 3:40:24 P. M. ies.sequeros.com.dam.pmdm.administrador.infraestructura.categorias.CategoriaDao findByName
SEVERE: null
java.sql.SQLSyntaxErrorException: Table 'vegaburguer.categoria' doesn't exist
	at com.mysql.cj.jdbc.exceptions.SQLError.createSQLException(SQLError.java:121)
	at com.mysql.cj.jdbc.exceptions.SQLExceptionsMapping.translateException(SQLExceptionsMapping.java:122)
	at com.mysql.cj.jdbc.ClientPreparedStatement.executeInternal(ClientPreparedStatement.java:916)
	at com.mysql.cj.jdbc.ClientPreparedStatement.executeQuery(ClientPreparedStatement.java:972)
	at ies.sequeros.com.dam.pmdm.administrador.infraestructura.categorias.CategoriaDao.findByName(CategoriaDao.java:174)
	at ies.sequeros.com.dam.pmdm.administrador.infraestructura.categorias.BBDDRepositorioCategoriaJava.findByName(BBDDRepositorioCategoriaJava.java:42)
	at ies.sequeros.com.dam.pmdm.administrador.infraestructura.Categoria.BBDDCategoriaRepository.findByName(BBDDCategoriaRepository.kt:20)
	at ies.sequeros.com.dam.pmdm.administrador.aplicacion.categorias.crear.CrearCategoriaUseCase.invoke(CrearCategoriaUseCase.kt:14)
	at ies.sequeros.com.dam.pmdm.administrador.ui.categorias.CategoriasViewModel$add$1.invokeSuspend(CategoriasViewModel.kt:93)
	at kotlin.coroutines.jvm.internal.BaseContinuationImpl.resumeWith(ContinuationImpl.kt:34)
	at kotlinx.coroutines.DispatchedTask.run(DispatchedTask.kt:100)
	at kotlinx.coroutines.EventLoop.processUnconfinedEvent(EventLoop.common.kt:65)
	at kotlinx.coroutines.internal.DispatchedContinuationKt.resumeCancellableWith(DispatchedContinuation.kt:383)
	at kotlinx.coroutines.intrinsics.CancellableKt.startCoroutineCancellable(Cancellable.kt:26)
	at kotlinx.coroutines.CoroutineStart.invoke(CoroutineStart.kt:358)
	at kotlinx.coroutines.AbstractCoroutine.start(AbstractCoroutine.kt:134)
	at kotlinx.coroutines.BuildersKt__Builders_commonKt.launch(Builders.common.kt:53)
	at kotlinx.coroutines.BuildersKt.launch(Unknown Source)
	at kotlinx.coroutines.BuildersKt__Builders_commonKt.launch$default(Builders.common.kt:44)
	at kotlinx.coroutines.BuildersKt.launch$default(Unknown Source)
	at ies.sequeros.com.dam.pmdm.administrador.ui.categorias.form.CategoriaFormViewModel.submit(CategoriaFormViewModel.kt:102)
	at ies.sequeros.com.dam.pmdm.administrador.ui.categorias.form.CategoriaFormKt$CategoriaForm$3.invoke$lambda$0$8$1$0(CategoriaForm.kt:189)
	at androidx.compose.foundation.ClickableNode.onPointerEvent-H0pRuoY(Clickable.kt:1014)
	at androidx.compose.ui.input.pointer.Node.dispatchMainEventPass(HitPathTracker.kt:444)
	at androidx.compose.ui.input.pointer.Node.dispatchMainEventPass(HitPathTracker.kt:430)
	at androidx.compose.ui.input.pointer.Node.dispatchMainEventPass(HitPathTracker.kt:430)
	at androidx.compose.ui.input.pointer.NodeParent.dispatchMainEventPass(HitPathTracker.kt:276)
	at androidx.compose.ui.input.pointer.HitPathTracker.dispatchChanges(HitPathTracker.kt:172)
	at androidx.compose.ui.input.pointer.PointerInputEventProcessor.process-BIzXfog(PointerInputEventProcessor.kt:118)
	at androidx.compose.ui.node.RootNodeOwner.onPointerInput-l-3BpVI(RootNodeOwner.skiko.kt:315)
	at androidx.compose.ui.scene.CanvasLayersComposeSceneImpl.processRelease-l-3BpVI(CanvasLayersComposeScene.skiko.kt:335)
	at androidx.compose.ui.scene.CanvasLayersComposeSceneImpl.processPointerInputEvent-l-3BpVI(CanvasLayersComposeScene.skiko.kt:236)
	at androidx.compose.ui.scene.BaseComposeScene$inputHandler$2.invoke-l-3BpVI(BaseComposeScene.skiko.kt:65)
	at androidx.compose.ui.scene.BaseComposeScene$inputHandler$2.invoke(BaseComposeScene.skiko.kt:65)
	at androidx.compose.ui.input.pointer.SyntheticEventSender.sendInternal-l-3BpVI(SyntheticEventSender.skiko.kt:197)
	at androidx.compose.ui.input.pointer.SyntheticEventSender.send-l-3BpVI(SyntheticEventSender.skiko.kt:82)
	at androidx.compose.ui.scene.ComposeSceneInputHandler.onPointerEvent--c_cFIg(ComposeSceneInputHandler.skiko.kt:130)
	at androidx.compose.ui.scene.ComposeSceneInputHandler.onPointerEvent-lDgZiSw(ComposeSceneInputHandler.skiko.kt:91)
	at androidx.compose.ui.scene.BaseComposeScene.sendPointerEvent-lDgZiSw(BaseComposeScene.skiko.kt:216)
	at androidx.compose.ui.scene.ComposeScene.sendPointerEvent-lDgZiSw$default(ComposeScene.skiko.kt:202)
	at androidx.compose.ui.scene.ComposeSceneMediator_desktopKt.onMouseEvent-d-4ec7I(ComposeSceneMediator.desktop.kt:846)
	at androidx.compose.ui.scene.ComposeSceneMediator_desktopKt.access$onMouseEvent-d-4ec7I(ComposeSceneMediator.desktop.kt:1)
	at androidx.compose.ui.scene.ComposeSceneMediator.onMouseEvent(ComposeSceneMediator.desktop.kt:454)
	at androidx.compose.ui.scene.ComposeSceneMediator.access$onMouseEvent(ComposeSceneMediator.desktop.kt:110)
	at androidx.compose.ui.scene.ComposeSceneMediator$mouseListener$1.mouseReleased(ComposeSceneMediator.desktop.kt:269)
	at java.desktop/java.awt.Component.processMouseEvent(Component.java:6621)
	at java.desktop/java.awt.Component.processEvent(Component.java:6386)
	at java.desktop/java.awt.Component.dispatchEventImpl(Component.java:4996)
	at java.desktop/java.awt.Component.dispatchEvent(Component.java:4828)
	at java.desktop/java.awt.EventQueue.dispatchEventImpl(EventQueue.java:775)
	at java.desktop/java.awt.EventQueue$4.run(EventQueue.java:720)
	at java.desktop/java.awt.EventQueue$4.run(EventQueue.java:714)
	at java.base/java.security.AccessController.doPrivileged(AccessController.java:400)
	at java.base/java.security.ProtectionDomain$JavaSecurityAccessImpl.doIntersectionPrivilege(ProtectionDomain.java:87)
	at java.base/java.security.ProtectionDomain$JavaSecurityAccessImpl.doIntersectionPrivilege(ProtectionDomain.java:98)
	at java.desktop/java.awt.EventQueue$5.run(EventQueue.java:747)
	at java.desktop/java.awt.EventQueue$5.run(EventQueue.java:745)
	at java.base/java.security.AccessController.doPrivileged(AccessController.java:400)
	at java.base/java.security.ProtectionDomain$JavaSecurityAccessImpl.doIntersectionPrivilege(ProtectionDomain.java:87)
	at java.desktop/java.awt.EventQueue.dispatchEvent(EventQueue.java:744)
	at java.desktop/java.awt.EventDispatchThread.pumpOneEventForFilters(EventDispatchThread.java:203)
	at java.desktop/java.awt.EventDispatchThread.pumpEventsForFilter(EventDispatchThread.java:124)
	at java.desktop/java.awt.EventDispatchThread.pumpEventsForHierarchy(EventDispatchThread.java:113)
	at java.desktop/java.awt.EventDispatchThread.pumpEvents(EventDispatchThread.java:109)
	at java.desktop/java.awt.EventDispatchThread.pumpEvents(EventDispatchThread.java:101)
	at java.desktop/java.awt.EventDispatchThread.run(EventDispatchThread.java:90)

dic 02, 2025 3:40:24 P. M. ies.sequeros.com.dam.pmdm.administrador.infraestructura.categorias.CategoriaDao findByName
SEVERE: null
java.sql.SQLSyntaxErrorException: Table 'vegaburguer.categoria' doesn't exist
	at com.mysql.cj.jdbc.exceptions.SQLError.createSQLException(SQLError.java:121)
	at com.mysql.cj.jdbc.exceptions.SQLExceptionsMapping.translateException(SQLExceptionsMapping.java:122)
	at com.mysql.cj.jdbc.ClientPreparedStatement.executeInternal(ClientPreparedStatement.java:916)
	at com.mysql.cj.jdbc.ClientPreparedStatement.executeQuery(ClientPreparedStatement.java:972)
	at ies.sequeros.com.dam.pmdm.administrador.infraestructura.categorias.CategoriaDao.findByName(CategoriaDao.java:174)
	at ies.sequeros.com.dam.pmdm.administrador.infraestructura.categorias.BBDDRepositorioCategoriaJava.findByName(BBDDRepositorioCategoriaJava.java:42)
	at ies.sequeros.com.dam.pmdm.administrador.infraestructura.Categoria.BBDDCategoriaRepository.findByName(BBDDCategoriaRepository.kt:20)
	at ies.sequeros.com.dam.pmdm.administrador.aplicacion.categorias.crear.CrearCategoriaUseCase.invoke(CrearCategoriaUseCase.kt:26)
	at ies.sequeros.com.dam.pmdm.administrador.ui.categorias.CategoriasViewModel$add$1.invokeSuspend(CategoriasViewModel.kt:93)
	at kotlin.coroutines.jvm.internal.BaseContinuationImpl.resumeWith(ContinuationImpl.kt:34)
	at kotlinx.coroutines.DispatchedTask.run(DispatchedTask.kt:100)
	at kotlinx.coroutines.EventLoop.processUnconfinedEvent(EventLoop.common.kt:65)
	at kotlinx.coroutines.internal.DispatchedContinuationKt.resumeCancellableWith(DispatchedContinuation.kt:383)
	at kotlinx.coroutines.intrinsics.CancellableKt.startCoroutineCancellable(Cancellable.kt:26)
	at kotlinx.coroutines.CoroutineStart.invoke(CoroutineStart.kt:358)
	at kotlinx.coroutines.AbstractCoroutine.start(AbstractCoroutine.kt:134)
	at kotlinx.coroutines.BuildersKt__Builders_commonKt.launch(Builders.common.kt:53)
	at kotlinx.coroutines.BuildersKt.launch(Unknown Source)
	at kotlinx.coroutines.BuildersKt__Builders_commonKt.launch$default(Builders.common.kt:44)
	at kotlinx.coroutines.BuildersKt.launch$default(Unknown Source)
	at ies.sequeros.com.dam.pmdm.administrador.ui.categorias.form.CategoriaFormViewModel.submit(CategoriaFormViewModel.kt:102)
	at ies.sequeros.com.dam.pmdm.administrador.ui.categorias.form.CategoriaFormKt$CategoriaForm$3.invoke$lambda$0$8$1$0(CategoriaForm.kt:189)
	at androidx.compose.foundation.ClickableNode.onPointerEvent-H0pRuoY(Clickable.kt:1014)
	at androidx.compose.ui.input.pointer.Node.dispatchMainEventPass(HitPathTracker.kt:444)
	at androidx.compose.ui.input.pointer.Node.dispatchMainEventPass(HitPathTracker.kt:430)
	at androidx.compose.ui.input.pointer.Node.dispatchMainEventPass(HitPathTracker.kt:430)
	at androidx.compose.ui.input.pointer.NodeParent.dispatchMainEventPass(HitPathTracker.kt:276)
	at androidx.compose.ui.input.pointer.HitPathTracker.dispatchChanges(HitPathTracker.kt:172)
	at androidx.compose.ui.input.pointer.PointerInputEventProcessor.process-BIzXfog(PointerInputEventProcessor.kt:118)
	at androidx.compose.ui.node.RootNodeOwner.onPointerInput-l-3BpVI(RootNodeOwner.skiko.kt:315)
	at androidx.compose.ui.scene.CanvasLayersComposeSceneImpl.processRelease-l-3BpVI(CanvasLayersComposeScene.skiko.kt:335)
	at androidx.compose.ui.scene.CanvasLayersComposeSceneImpl.processPointerInputEvent-l-3BpVI(CanvasLayersComposeScene.skiko.kt:236)
	at androidx.compose.ui.scene.BaseComposeScene$inputHandler$2.invoke-l-3BpVI(BaseComposeScene.skiko.kt:65)
	at androidx.compose.ui.scene.BaseComposeScene$inputHandler$2.invoke(BaseComposeScene.skiko.kt:65)
	at androidx.compose.ui.input.pointer.SyntheticEventSender.sendInternal-l-3BpVI(SyntheticEventSender.skiko.kt:197)
	at androidx.compose.ui.input.pointer.SyntheticEventSender.send-l-3BpVI(SyntheticEventSender.skiko.kt:82)
	at androidx.compose.ui.scene.ComposeSceneInputHandler.onPointerEvent--c_cFIg(ComposeSceneInputHandler.skiko.kt:130)
	at androidx.compose.ui.scene.ComposeSceneInputHandler.onPointerEvent-lDgZiSw(ComposeSceneInputHandler.skiko.kt:91)
	at androidx.compose.ui.scene.BaseComposeScene.sendPointerEvent-lDgZiSw(BaseComposeScene.skiko.kt:216)
	at androidx.compose.ui.scene.ComposeScene.sendPointerEvent-lDgZiSw$default(ComposeScene.skiko.kt:202)
	at androidx.compose.ui.scene.ComposeSceneMediator_desktopKt.onMouseEvent-d-4ec7I(ComposeSceneMediator.desktop.kt:846)
	at androidx.compose.ui.scene.ComposeSceneMediator_desktopKt.access$onMouseEvent-d-4ec7I(ComposeSceneMediator.desktop.kt:1)
	at androidx.compose.ui.scene.ComposeSceneMediator.onMouseEvent(ComposeSceneMediator.desktop.kt:454)
	at androidx.compose.ui.scene.ComposeSceneMediator.access$onMouseEvent(ComposeSceneMediator.desktop.kt:110)
	at androidx.compose.ui.scene.ComposeSceneMediator$mouseListener$1.mouseReleased(ComposeSceneMediator.desktop.kt:269)
	at java.desktop/java.awt.Component.processMouseEvent(Component.java:6621)
	at java.desktop/java.awt.Component.processEvent(Component.java:6386)
	at java.desktop/java.awt.Component.dispatchEventImpl(Component.java:4996)
	at java.desktop/java.awt.Component.dispatchEvent(Component.java:4828)
	at java.desktop/java.awt.EventQueue.dispatchEventImpl(EventQueue.java:775)
	at java.desktop/java.awt.EventQueue$4.run(EventQueue.java:720)
	at java.desktop/java.awt.EventQueue$4.run(EventQueue.java:714)
	at java.base/java.security.AccessController.doPrivileged(AccessController.java:400)
	at java.base/java.security.ProtectionDomain$JavaSecurityAccessImpl.doIntersectionPrivilege(ProtectionDomain.java:87)
	at java.base/java.security.ProtectionDomain$JavaSecurityAccessImpl.doIntersectionPrivilege(ProtectionDomain.java:98)
	at java.desktop/java.awt.EventQueue$5.run(EventQueue.java:747)
	at java.desktop/java.awt.EventQueue$5.run(EventQueue.java:745)
	at java.base/java.security.AccessController.doPrivileged(AccessController.java:400)
	at java.base/java.security.ProtectionDomain$JavaSecurityAccessImpl.doIntersectionPrivilege(ProtectionDomain.java:87)
	at java.desktop/java.awt.EventQueue.dispatchEvent(EventQueue.java:744)
	at java.desktop/java.awt.EventDispatchThread.pumpOneEventForFilters(EventDispatchThread.java:203)
	at java.desktop/java.awt.EventDispatchThread.pumpEventsForFilter(EventDispatchThread.java:124)
	at java.desktop/java.awt.EventDispatchThread.pumpEventsForHierarchy(EventDispatchThread.java:113)
	at java.desktop/java.awt.EventDispatchThread.pumpEvents(EventDispatchThread.java:109)
	at java.desktop/java.awt.EventDispatchThread.pumpEvents(EventDispatchThread.java:101)
	at java.desktop/java.awt.EventDispatchThread.run(EventDispatchThread.java:90)

dic 02, 2025 3:44:54 P. M. ies.sequeros.com.dam.pmdm.administrador.infraestructura.categorias.CategoriaDao getAll
INFO: Ejecutando SQL: select * from categoria | Parametros: 
dic 02, 2025 3:45:13 P. M. ies.sequeros.com.dam.pmdm.administrador.infraestructura.categorias.CategoriaDao findByName
INFO: Ejecutando SQL: select * from categoria where name=? | Parametros: [name=efre]
dic 02, 2025 3:45:13 P. M. ies.sequeros.com.dam.pmdm.administrador.infraestructura.categorias.CategoriaDao findByName
INFO: Ejecutando SQL: select * from categoria where name=? | Parametros: [name=efre]
dic 02, 2025 3:45:13 P. M. ies.sequeros.com.dam.pmdm.administrador.infraestructura.categorias.CategoriaDao insert
INFO: Ejecutando SQL: INSERT INTO categoria (id, name, description, image_path, enabled) VALUES (?, ?, ?, ?, ?) | Params: [1]=f5b82887-7d0b-4b33-8317-9892c442cf2e, [2]=efre, [3]=dwqdwq, [4]=/home/pomares/Imágenes/death.png, [5]=true]
dic 02, 2025 3:48:21 P. M. ies.sequeros.com.dam.pmdm.administrador.infraestructura.dependientes.DependienteDao getAll
INFO: Ejecutando SQL: select * from dependiente | Parametros: 
dic 02, 2025 3:48:21 P. M. ies.sequeros.com.dam.pmdm.administrador.infraestructura.categorias.CategoriaDao getAll
INFO: Ejecutando SQL: select * from categoria | Parametros: 
dic 02, 2025 3:48:55 P. M. ies.sequeros.com.dam.pmdm.administrador.infraestructura.dependientes.DependienteDao insert
INFO: Ejecutando SQL: INSERT INTO dependiente (id, name, email, password, image_path, enabled, is_admin) VALUES (?, ?, ?, ?, ?, ?, ?) | Params: [1]=38079ca3-ab93-4e7e-a382-c4f0f5f8c35c, [2]=adsdfa, [3]=sadfsa@fe, [4]=12345678Aa, [5]=38079ca3-ab93-4e7e-a382-c4f0f5f8c35c.jpeg, [6]=true, [7]=true]
